Determining if the pthread_create exist failed with the following output:
Change Dir: /mnt/c/Users/regal/devel/github_frank_Regal/autonomous_robot/cs393r_starter/CMakeFiles/CMakeTmp

Run Build Command:"/usr/bin/make" "cmTC_62918/fast"
/usr/bin/make -f CMakeFiles/cmTC_62918.dir/build.make CMakeFiles/cmTC_62918.dir/build
make[1]: Entering directory '/mnt/c/Users/regal/devel/github_frank_Regal/autonomous_robot/cs393r_starter/CMakeFiles/CMakeTmp'
Building C object CMakeFiles/cmTC_62918.dir/CheckSymbolExists.c.o
/usr/bin/cc    -o CMakeFiles/cmTC_62918.dir/CheckSymbolExists.c.o   -c /mnt/c/Users/regal/devel/github_frank_Regal/autonomous_robot/cs393r_starter/CMakeFiles/CMakeTmp/CheckSymbolExists.c
Linking C executable cmTC_62918
/usr/bin/cmake -E cmake_link_script CMakeFiles/cmTC_62918.dir/link.txt --verbose=1
/usr/bin/cc      -rdynamic CMakeFiles/cmTC_62918.dir/CheckSymbolExists.c.o  -o cmTC_62918 
CMakeFiles/cmTC_62918.dir/CheckSymbolExists.c.o: In function `main':
CheckSymbolExists.c:(.text+0x1b): undefined reference to `pthread_create'
collect2: error: ld returned 1 exit status
CMakeFiles/cmTC_62918.dir/build.make:97: recipe for target 'cmTC_62918' failed
make[1]: *** [cmTC_62918] Error 1
make[1]: Leaving directory '/mnt/c/Users/regal/devel/github_frank_Regal/autonomous_robot/cs393r_starter/CMakeFiles/CMakeTmp'
Makefile:126: recipe for target 'cmTC_62918/fast' failed
make: *** [cmTC_62918/fast] Error 2

File /mnt/c/Users/regal/devel/github_frank_Regal/autonomous_robot/cs393r_starter/CMakeFiles/CMakeTmp/CheckSymbolExists.c:
/* */
#include <pthread.h>

int main(int argc, char** argv)
{
  (void)argv;
#ifndef pthread_create
  return ((int*)(&pthread_create))[argc];
#else
  (void)argc;
  return 0;
#endif
}

Determining if the function pthread_create exists in the pthreads failed with the following output:
Change Dir: /mnt/c/Users/regal/devel/github_frank_Regal/autonomous_robot/cs393r_starter/CMakeFiles/CMakeTmp

Run Build Command:"/usr/bin/make" "cmTC_d0caa/fast"
/usr/bin/make -f CMakeFiles/cmTC_d0caa.dir/build.make CMakeFiles/cmTC_d0caa.dir/build
make[1]: Entering directory '/mnt/c/Users/regal/devel/github_frank_Regal/autonomous_robot/cs393r_starter/CMakeFiles/CMakeTmp'
Building C object CMakeFiles/cmTC_d0caa.dir/CheckFunctionExists.c.o
/usr/bin/cc   -DCHECK_FUNCTION_EXISTS=pthread_create   -o CMakeFiles/cmTC_d0caa.dir/CheckFunctionExists.c.o   -c /usr/share/cmake-3.10/Modules/CheckFunctionExists.c
Linking C executable cmTC_d0caa
/usr/bin/cmake -E cmake_link_script CMakeFiles/cmTC_d0caa.dir/link.txt --verbose=1
/usr/bin/cc  -DCHECK_FUNCTION_EXISTS=pthread_create    -rdynamic CMakeFiles/cmTC_d0caa.dir/CheckFunctionExists.c.o  -o cmTC_d0caa -lpthreads 
/usr/bin/ld: cannot find -lpthreads
collect2: error: ld returned 1 exit status
CMakeFiles/cmTC_d0caa.dir/build.make:97: recipe for target 'cmTC_d0caa' failed
make[1]: *** [cmTC_d0caa] Error 1
make[1]: Leaving directory '/mnt/c/Users/regal/devel/github_frank_Regal/autonomous_robot/cs393r_starter/CMakeFiles/CMakeTmp'
Makefile:126: recipe for target 'cmTC_d0caa/fast' failed
make: *** [cmTC_d0caa/fast] Error 2


